<?xml version="1.0" encoding="UTF-8"?>
<testsuite name="TestCalculator" tests="4" skipped="0" failures="0" errors="0" timestamp="2020-02-28T12:40:56" hostname="sonalibankars-MacBook-Pro.local" time="0.002">
  <properties/>
  <testcase name="givenToCheckDivisionOfTwoNumbers" classname="TestCalculator" time="0.001"/>
  <testcase name="givenToCheckMultiplicationOfTwoNumbers" classname="TestCalculator" time="0.0"/>
  <testcase name="givenToCheckAdditionOfTwoNumbers" classname="TestCalculator" time="0.0"/>
  <testcase name="givenToCheckSubstractionOfTwoNumbers" classname="TestCalculator" time="0.001"/>
  <system-out><![CDATA[]]></system-out>
  <system-err><![CDATA[]]></system-err>
</testsuite>
